#
# A fatal error has been detected by the Java Runtime Environment:
#
#  EXCEPTION_ACCESS_VIOLATION (0xc0000005) at pc=0x00007ffec4e4ef7a, pid=32816, tid=3340
#
# JRE version: OpenJDK Runtime Environment (18.0+36) (build 18+36-2087)
# Java VM: OpenJDK 64-Bit Server VM (18+36-2087, mixed mode, sharing, tiered, compressed oops, compressed class ptrs, g1 gc, windows-amd64)
# Problematic frame:
# C  [lwjgl_opengl.dll+0xef7a]
#
# No core dump will be written. Minidumps are not enabled by default on client versions of Windows
#
# If you would like to submit a bug report, please visit:
#   https://bugreport.java.com/bugreport/crash.jsp
# The crash happened outside the Java Virtual Machine in native code.
# See problematic frame for where to report the bug.
#

---------------  S U M M A R Y ------------

Command Line: -javaagent:C:\Program Files\JetBrains\IntelliJ IDEA Community Edition 2022.3.2\lib\idea_rt.jar=58594:C:\Program Files\JetBrains\IntelliJ IDEA Community Edition 2022.3.2\bin -Dfile.encoding=UTF-8 -Dsun.stdout.encoding=UTF-8 -Dsun.stderr.encoding=UTF-8 Main

Host: AMD Ryzen 5 3600 6-Core Processor              , 12 cores, 31G,  Windows 11 , 64 bit Build 22621 (10.0.22621.4391)
Time: Tue Dec 10 20:03:22 2024 Eastern Standard Time elapsed time: 0.220059 seconds (0d 0h 0m 0s)

---------------  T H R E A D  ---------------

Current thread (0x0000017619a62300):  JavaThread "main" [_thread_in_native, id=3340, stack(0x0000001d7a500000,0x0000001d7a600000)]

Stack: [0x0000001d7a500000,0x0000001d7a600000],  sp=0x0000001d7a5fefd8,  free space=1019k
Native frames: (J=compiled Java code, j=interpreted, Vv=VM code, C=native code)
C  [lwjgl_opengl.dll+0xef7a]

Java frames: (J=compiled Java code, j=interpreted, Vv=VM code)
j  org.lwjgl.opengl.GL20C.glCreateShader(I)I+0
j  org.lwjgl.opengl.GL20.glCreateShader(I)I+1
j  FirstScene.init()V+11
j  thunder.Window.<init>(Lthunder/Scene;)V+29
j  thunder.Window.get(Lthunder/Scene;)Lthunder/Window;+11
j  Main.main([Ljava/lang/String;)V+7
v  ~StubRoutines::call_stub

siginfo: EXCEPTION_ACCESS_VIOLATION (0xc0000005), reading address 0x0000000000000e38


Register to memory mapping:

RIP=0x00007ffec4e4ef7a lwjgl_opengl.dll
RAX=0x0 is NULL
RBX={method} {0x0000017646ce79c0} 'glCreateShader' '(I)I' in 'org/lwjgl/opengl/GL20C'
RCX=0x0000000000008b31 is an unknown value
RDX=0x0000001d7a5ff060 is pointing into the stack for thread: 0x0000017619a62300
RSP=0x0000001d7a5fefd8 is pointing into the stack for thread: 0x0000017619a62300
RBP=0x0000001d7a5ff050 is pointing into the stack for thread: 0x0000017619a62300
RSI=0x0000000000000007 is an unknown value
RDI=0x00000176213794fe is at code_begin+1118 in an Interpreter codelet
return entry points  [0x00000176213790a0, 0x0000017621379ba0]  2816 bytes
R8 =0x0000000000008b31 is an unknown value
R9 =0x0000000000000002 is an unknown value
R10=0x000001762137d5f2 is at code_begin+946 in an Interpreter codelet
method entry point (kind = native)  [0x000001762137d240, 0x000001762137dbc0]  2432 bytes
R11=0x00000006206e6090 is an oop: java.lang.Class 
{0x00000006206e6090} - klass: 'java/lang/Class'
 - ---- fields (total size 54 words):
 - private volatile transient 'classRedefinedCount' 'I' @12  0
 - abstract internal 'klass' 'J' @16  34372415840 (c17160 8)
 - abstract internal 'array_klass' 'J' @24  0 (0 0)
 - abstract internal 'oop_size' 'I' @32  54 (36)
 - abstract internal 'static_oop_field_count' 'I' @36  0
 - private volatile transient 'cachedConstructor' 'Ljava/lang/reflect/Constructor;' @40  NULL (0)
 - private transient 'name' 'Ljava/lang/String;' @44  "org.lwjgl.opengl.GL20C"{0x00000006206e6250} (c40dcc4a)
 - private transient 'module' 'Ljava/lang/Module;' @48  a 'java/lang/Module'{0x00000006208704f8} (c410e09f)
 - private final 'classLoader' 'Ljava/lang/ClassLoader;' @52  a 'jdk/internal/loader/ClassLoaders$AppClassLoader'{0x0000000620870338} (c410e067)
 - private transient 'classData' 'Ljava/lang/Object;' @56  NULL (0)
 - private transient 'packageName' 'Ljava/lang/String;' @60  "org.lwjgl.opengl"{0x0000000620b0e360} (c4161c6c)
 - private final 'componentType' 'Ljava/lang/Class;' @64  NULL (0)
 - private volatile transient 'reflectionData' 'Ljava/lang/ref/SoftReference;' @68  NULL (0)
 - private volatile transient 'genericInfo' 'Lsun/reflect/generics/repository/ClassRepository;' @72  NULL (0)
 - private volatile transient 'enumConstants' '[Ljava/lang/Object;' @76  NULL (0)
 - private volatile transient 'enumConstantDirectory' 'Ljava/util/Map;' @80  NULL (0)
 - private volatile transient 'annotationData' 'Ljava/lang/Class$AnnotationData;' @84  NULL (0)
 - private volatile transient 'annotationType' 'Lsun/reflect/annotation/AnnotationType;' @88  NULL (0)
 - transient 'classValueMap' 'Ljava/lang/ClassValue$ClassValueMap;' @92  NULL (0)
 - abstract internal 'protection_domain' 'Ljava/lang/Object;' @96  a 'java/security/ProtectionDomain'{0x0000000620b31b00} (c4166360)
 - abstract internal 'signers_name' 'Ljava/lang/Object;' @100  NULL (0)
 - abstract internal 'source_file' 'Ljava/lang/Object;' @104  NULL (0)
 - signature: Lorg/lwjgl/opengl/GL20C;
 - ---- static fields (0):
 - public static final 'GL_SHADING_LANGUAGE_VERSION' 'I' @112  35724 (8b8c)
 - public static final 'GL_CURRENT_PROGRAM' 'I' @116  35725 (8b8d)
 - public static final 'GL_SHADER_TYPE' 'I' @120  35663 (8b4f)
 - public static final 'GL_DELETE_STATUS' 'I' @124  35712 (8b80)
 - public static final 'GL_COMPILE_STATUS' 'I' @128  35713 (8b81)
 - public static final 'GL_LINK_STATUS' 'I' @132  35714 (8b82)
 - public static final 'GL_VALIDATE_STATUS' 'I' @136  35715 (8b83)
 - public static final 'GL_INFO_LOG_LENGTH' 'I' @140  35716 (8b84)
 - public static final 'GL_ATTACHED_SHADERS' 'I' @144  35717 (8b85)
 - public static final 'GL_ACTIVE_UNIFORMS' 'I' @148  35718 (8b86)
 - public static final 'GL_ACTIVE_UNIFORM_MAX_LENGTH' 'I' @152  35719 (8b87)
 - public static final 'GL_ACTIVE_ATTRIBUTES' 'I' @156  35721 (8b89)
 - public static final 'GL_ACTIVE_ATTRIBUTE_MAX_LENGTH' 'I' @160  35722 (8b8a)
 - public static final 'GL_SHADER_SOURCE_LENGTH' 'I' @164  35720 (8b88)
 - public static final 'GL_FLOAT_VEC2' 'I' @168  35664 (8b50)
 - public static final 'GL_FLOAT_VEC3' 'I' @172  35665 (8b51)
 - public static final 'GL_FLOAT_VEC4' 'I' @176  35666 (8b52)
 - public static final 'GL_INT_VEC2' 'I' @180  35667 (8b53)
 - public static final 'GL_INT_VEC3' 'I' @184  35668 (8b54)
 - public static final 'GL_INT_VEC4' 'I' @188  35669 (8b55)
 - public static final 'GL_BOOL' 'I' @192  35670 (8b56)
 - public static final 'GL_BOOL_VEC2' 'I' @196  35671 (8b57)
 - public static final 'GL_BOOL_VEC3' 'I' @200  35672 (8b58)
 - public static final 'GL_BOOL_VEC4' 'I' @204  35673 (8b59)
 - public static final 'GL_FLOAT_MAT2' 'I' @208  35674 (8b5a)
 - public static final 'GL_FLOAT_MAT3' 'I' @212  35675 (8b5b)
 - public static final 'GL_FLOAT_MAT4' 'I' @216  35676 (8b5c)
 - public static final 'GL_SAMPLER_1D' 'I' @220  35677 (8b5d)
 - public static final 'GL_SAMPLER_2D' 'I' @224  35678 (8b5e)
 - public static final 'GL_SAMPLER_3D' 'I' @228  35679 (8b5f)
 - public static final 'GL_SAMPLER_CUBE' 'I' @232  35680 (8b60)
 - public static final 'GL_SAMPLER_1D_SHADOW' 'I' @236  35681 (8b61)
 - public static final 'GL_SAMPLER_2D_SHADOW' 'I' @240  35682 (8b62)
 - public static final 'GL_VERTEX_SHADER' 'I' @244  35633 (8b31)
 - public static final 'GL_MAX_VERTEX_UNIFORM_COMPONENTS' 'I' @248  35658 (8b4a)
 - public static final 'GL_MAX_VARYING_FLOATS' 'I' @252  35659 (8b4b)
 - public static final 'GL_MAX_VERTEX_ATTRIBS' 'I' @256  34921 (8869)
 - public static final 'GL_MAX_TEXTURE_IMAGE_UNITS' 'I' @260  34930 (8872)
 - public static final 'GL_MAX_VERTEX_TEXTURE_IMAGE_UNITS' 'I' @264  35660 (8b4c)
 - public static final 'GL_MAX_COMBINED_TEXTURE_IMAGE_UNITS' 'I' @268  35661 (8b4d)
 - public static final 'GL_VERTEX_PROGRAM_POINT_SIZE' 'I' @272  34370 (8642)
 - public static final 'GL_VERTEX_ATTRIB_ARRAY_ENABLED' 'I' @276  34338 (8622)
 - public static final 'GL_VERTEX_ATTRIB_ARRAY_SIZE' 'I' @280  34339 (8623)
 - public static final 'GL_VERTEX_ATTRIB_ARRAY_STRIDE' 'I' @284  34340 (8624)
 - public static final 'GL_VERTEX_ATTRIB_ARRAY_TYPE' 'I' @288  34341 (8625)
 - public static final 'GL_VERTEX_ATTRIB_ARRAY_NORMALIZED' 'I' @292  34922 (886a)
 - public static final 'GL_CURRENT_VERTEX_ATTRIB' 'I' @296  34342 (8626)
 - public static final 'GL_VERTEX_ATTRIB_ARRAY_POINTER' 'I' @300  34373 (8645)
 - public static final 'GL_FRAGMENT_SHADER' 'I' @304  35632 (8b30)
 - public static final 'GL_MAX_FRAGMENT_UNIFORM_COMPONENTS' 'I' @308  35657 (8b49)
 - public static final 'GL_FRAGMENT_SHADER_DERIVATIVE_HINT' 'I' @312  35723 (8b8b)
 - public static final 'GL_MAX_DRAW_BUFFERS' 'I' @316  34852 (8824)
 - public static final 'GL_DRAW_BUFFER0' 'I' @320  34853 (8825)
 - public static final 'GL_DRAW_BUFFER1' 'I' @324  34854 (8826)
 - public static final 'GL_DRAW_BUFFER2' 'I' @328  34855 (8827)
 - public static final 'GL_DRAW_BUFFER3' 'I' @332  34856 (8828)
 - public static final 'GL_DRAW_BUFFER4' 'I' @336  34857 (8829)
 - public static final 'GL_DRAW_BUFFER5' 'I' @340  34858 (882a)
 - public static final 'GL_DRAW_BUFFER6' 'I' @344  34859 (882b)
 - public static final 'GL_DRAW_BUFFER7' 'I' @348  34860 (882c)
 - public static final 'GL_DRAW_BUFFER8' 'I' @352  34861 (882d)
 - public static final 'GL_DRAW_BUFFER9' 'I' @356  34862 (882e)
 - public static final 'GL_DRAW_BUFFER10' 'I' @360  34863 (882f)
 - public static final 'GL_DRAW_BUFFER11' 'I' @364  34864 (8830)
 - public static final 'GL_DRAW_BUFFER12' 'I' @368  34865 (8831)
 - public static final 'GL_DRAW_BUFFER13' 'I' @372  34866 (8832)
 - public static final 'GL_DRAW_BUFFER14' 'I' @376  34867 (8833)
 - public static final 'GL_DRAW_BUFFER15' 'I' @380  34868 (8834)
 - public static final 'GL_POINT_SPRITE_COORD_ORIGIN' 'I' @384  36000 (8ca0)
 - public static final 'GL_LOWER_LEFT' 'I' @388  36001 (8ca1)
 - public static final 'GL_UPPER_LEFT' 'I' @392  36002 (8ca2)
 - public static final 'GL_BLEND_EQUATION_RGB' 'I' @396  32777 (8009)
 - public static final 'GL_BLEND_EQUATION_ALPHA' 'I' @400  34877 (883d)
 - public static final 'GL_STENCIL_BACK_FUNC' 'I' @404  34816 (8800)
 - public static final 'GL_STENCIL_BACK_FAIL' 'I' @408  34817 (8801)
 - public static final 'GL_STENCIL_BACK_PASS_DEPTH_FAIL' 'I' @412  34818 (8802)
 - public static final 'GL_STENCIL_BACK_PASS_DEPTH_PASS' 'I' @416  34819 (8803)
 - public static final 'GL_STENCIL_BACK_REF' 'I' @420  36003 (8ca3)
 - public static final 'GL_STENCIL_BACK_VALUE_MASK' 'I' @424  36004 (8ca4)
 - public static final 'GL_STENCIL_BACK_WRITEMASK' 'I' @428  36005 (8ca5)
R12=0x0 is NULL
R13=0x0000017646ce79a8 is pointing into metadata
R14=0x0000001d7a5ff070 is pointing into the stack for thread: 0x0000017619a62300
R15=0x0000017619a62300 is a thread


Registers:
RAX=0x0000000000000000, RBX=0x0000017646ce79b8, RCX=0x0000000000008b31, RDX=0x0000001d7a5ff060
RSP=0x0000001d7a5fefd8, RBP=0x0000001d7a5ff050, RSI=0x0000000000000007, RDI=0x00000176213794fe
R8 =0x0000000000008b31, R9 =0x0000000000000002, R10=0x000001762137d5f2, R11=0x00000006206e6090
R12=0x0000000000000000, R13=0x0000017646ce79a8, R14=0x0000001d7a5ff070, R15=0x0000017619a62300
RIP=0x00007ffec4e4ef7a, EFLAGS=0x0000000000010202

Top of Stack: (sp=0x0000001d7a5fefd8)
0x0000001d7a5fefd8:   000001762137d621 0000017646ce79b8
0x0000001d7a5fefe8:   0000000000000007 0000017646c0f038
0x0000001d7a5feff8:   0000017619a62300 000001762137d2f6
0x0000001d7a5ff008:   0000001d7a5ff008 0000017646ce79a8
0x0000001d7a5ff018:   0000001d7a5ff070 0000017646d12e90
0x0000001d7a5ff028:   0000000000000000 00000006206e6090
0x0000001d7a5ff038:   0000017646ce79b8 0000000000000000
0x0000001d7a5ff048:   0000001d7a5ff070 0000001d7a5ff0c0
0x0000001d7a5ff058:   0000017621379612 00000006206e6090
0x0000001d7a5ff068:   000001762137af76 0000000000008b31
0x0000001d7a5ff078:   0000001d7a5ff078 0000017646c0f011
0x0000001d7a5ff088:   0000001d7a5ff0d0 0000017646c6ba60
0x0000001d7a5ff098:   0000000000000000 0000000620bf3290
0x0000001d7a5ff0a8:   0000017646c0f038 0000001d7a5ff070
0x0000001d7a5ff0b8:   0000001d7a5ff0d0 0000001d7a5ff128
0x0000001d7a5ff0c8:   0000017621379612 0000000000008b31 

Instructions: (pc=0x00007ffec4e4ef7a)
0x00007ffec4e4ee7a:   cc cc cc cc cc cc 44 89 ca 48 8b 01 48 8b 40 18
0x00007ffec4e4ee8a:   48 8b 80 f8 0d 00 00 44 89 c1 48 ff e0 cc cc cc
0x00007ffec4e4ee9a:   cc cc cc cc cc cc 48 8b 01 48 8b 40 18 44 89 c1
0x00007ffec4e4eeaa:   48 ff a0 00 0e 00 00 cc cc cc cc cc cc cc cc cc
0x00007ffec4e4eeba:   cc cc cc cc cc cc 44 89 ca 44 89 c0 4c 8b 44 24
0x00007ffec4e4eeca:   28 48 8b 09 48 8b 49 18 4c 8b 89 08 0e 00 00 89
0x00007ffec4e4eeda:   c1 49 ff e1 cc cc 44 89 ca 44 89 c0 4c 8b 44 24
0x00007ffec4e4eeea:   28 48 8b 09 48 8b 49 18 4c 8b 89 10 0e 00 00 89
0x00007ffec4e4eefa:   c1 49 ff e1 cc cc 44 89 ca 44 89 c0 4c 8b 44 24
0x00007ffec4e4ef0a:   28 48 8b 09 48 8b 49 18 4c 8b 89 18 0e 00 00 89
0x00007ffec4e4ef1a:   c1 49 ff e1 cc cc 48 8b 01 48 8b 40 18 48 ff a0
0x00007ffec4e4ef2a:   20 0e 00 00 cc cc 48 8b 01 48 8b 40 18 44 89 c1
0x00007ffec4e4ef3a:   48 ff a0 28 0e 00 00 cc cc cc cc cc cc cc cc cc
0x00007ffec4e4ef4a:   cc cc cc cc cc cc 48 8b 01 48 8b 40 18 44 89 c1
0x00007ffec4e4ef5a:   48 ff a0 30 0e 00 00 cc cc cc cc cc cc cc cc cc
0x00007ffec4e4ef6a:   cc cc cc cc cc cc 48 8b 01 48 8b 40 18 44 89 c1
0x00007ffec4e4ef7a:   48 ff a0 38 0e 00 00 cc cc cc cc cc cc cc cc cc
0x00007ffec4e4ef8a:   cc cc cc cc cc cc 48 8b 01 48 8b 40 18 44 89 c1
0x00007ffec4e4ef9a:   48 ff a0 40 0e 00 00 cc cc cc cc cc cc cc cc cc
0x00007ffec4e4efaa:   cc cc cc cc cc cc 48 8b 01 48 8b 40 18 44 89 c1
0x00007ffec4e4efba:   48 ff a0 48 0e 00 00 cc cc cc cc cc cc cc cc cc
0x00007ffec4e4efca:   cc cc cc cc cc cc 44 89 ca 48 8b 01 48 8b 40 18
0x00007ffec4e4efda:   48 8b 80 50 0e 00 00 44 89 c1 48 ff e0 cc cc cc
0x00007ffec4e4efea:   cc cc cc cc cc cc 44 89 ca 48 8b 01 48 8b 40 18
0x00007ffec4e4effa:   48 8b 80 58 0e 00 00 44 89 c1 48 ff e0 cc cc cc
0x00007ffec4e4f00a:   cc cc cc cc cc cc 44 89 ca 44 89 c0 4c 8b 44 24
0x00007ffec4e4f01a:   28 4c 8b 4c 24 30 48 8b 09 48 8b 49 18 4c 8b 91
0x00007ffec4e4f02a:   60 0e 00 00 89 c1 49 ff e2 cc cc cc cc cc cc cc
0x00007ffec4e4f03a:   cc cc cc cc cc cc 48 8b 01 48 8b 40 18 44 89 c1
0x00007ffec4e4f04a:   48 ff a0 68 0e 00 00 cc cc cc cc cc cc cc cc cc
0x00007ffec4e4f05a:   cc cc cc cc cc cc 48 8b 01 48 8b 40 18 44 89 c1
0x00007ffec4e4f06a:   48 ff a0 70 0e 00 00 cc cc cc cc cc cc cc cc cc 


Stack slot to memory mapping:
stack at sp + 0 slots: 0x000001762137d621 is at code_begin+993 in an Interpreter codelet
method entry point (kind = native)  [0x000001762137d240, 0x000001762137dbc0]  2432 bytes
stack at sp + 1 slots: {method} {0x0000017646ce79c0} 'glCreateShader' '(I)I' in 'org/lwjgl/opengl/GL20C'
stack at sp + 2 slots: 0x0000000000000007 is an unknown value
stack at sp + 3 slots: {method} {0x0000017646c0f040} 'glCreateShader' '(I)I' in 'org/lwjgl/opengl/GL20'
stack at sp + 4 slots: 0x0000017619a62300 is a thread
stack at sp + 5 slots: 0x000001762137d2f6 is at code_begin+182 in an Interpreter codelet
method entry point (kind = native)  [0x000001762137d240, 0x000001762137dbc0]  2432 bytes
stack at sp + 6 slots: 0x0000001d7a5ff008 is pointing into the stack for thread: 0x0000017619a62300
stack at sp + 7 slots: 0x0000017646ce79a8 is pointing into metadata


---------------  P R O C E S S  ---------------

Threads class SMR info:
_java_thread_list=0x000001764acb1cc0, length=14, elements={
0x0000017619a62300, 0x0000017643a1ca30, 0x0000017643a1e6a0, 0x0000017643a3c380,
0x0000017643a3cc30, 0x0000017643a3d9e0, 0x0000017643a3f2a0, 0x0000017643a43380,
0x0000017643a4bc80, 0x0000017643a4e580, 0x0000017643a09700, 0x000001764ab2a320,
0x000001764ab2a7e0, 0x000001764ad415f0
}

Java Threads: ( => current thread )
=>0x0000017619a62300 JavaThread "main" [_thread_in_native, id=3340, stack(0x0000001d7a500000,0x0000001d7a600000)]
  0x0000017643a1ca30 JavaThread "Reference Handler" daemon [_thread_blocked, id=23564, stack(0x0000001d7ac00000,0x0000001d7ad00000)]
  0x0000017643a1e6a0 JavaThread "Finalizer" daemon [_thread_blocked, id=26836, stack(0x0000001d7ad00000,0x0000001d7ae00000)]
  0x0000017643a3c380 JavaThread "Signal Dispatcher" daemon [_thread_blocked, id=26844, stack(0x0000001d7ae00000,0x0000001d7af00000)]
  0x0000017643a3cc30 JavaThread "Attach Listener" daemon [_thread_blocked, id=14508, stack(0x0000001d7af00000,0x0000001d7b000000)]
  0x0000017643a3d9e0 JavaThread "Service Thread" daemon [_thread_blocked, id=34748, stack(0x0000001d7b000000,0x0000001d7b100000)]
  0x0000017643a3f2a0 JavaThread "Monitor Deflation Thread" daemon [_thread_blocked, id=17056, stack(0x0000001d7b100000,0x0000001d7b200000)]
  0x0000017643a43380 JavaThread "C2 CompilerThread0" daemon [_thread_blocked, id=5844, stack(0x0000001d7b200000,0x0000001d7b300000)]
  0x0000017643a4bc80 JavaThread "C1 CompilerThread0" daemon [_thread_blocked, id=27988, stack(0x0000001d7b300000,0x0000001d7b400000)]
  0x0000017643a4e580 JavaThread "Sweeper thread" daemon [_thread_blocked, id=9248, stack(0x0000001d7b400000,0x0000001d7b500000)]
  0x0000017643a09700 JavaThread "Common-Cleaner" daemon [_thread_blocked, id=7408, stack(0x0000001d7b500000,0x0000001d7b600000)]
  0x000001764ab2a320 JavaThread "Monitor Ctrl-Break" daemon [_thread_in_native, id=32156, stack(0x0000001d7b600000,0x0000001d7b700000)]
  0x000001764ab2a7e0 JavaThread "Notification Thread" daemon [_thread_blocked, id=33884, stack(0x0000001d7b700000,0x0000001d7b800000)]
  0x000001764ad415f0 JavaThread "C2 CompilerThread1" daemon [_thread_blocked, id=32604, stack(0x0000001d7b900000,0x0000001d7ba00000)]

Other Threads:
  0x0000017619afc370 VMThread "VM Thread" [stack: 0x0000001d7ab00000,0x0000001d7ac00000] [id=14468]
  0x000001764ab0b110 WatcherThread "VM Periodic Task Thread" [stack: 0x0000001d7b800000,0x0000001d7b900000] [id=31652]
  0x0000017619ad45f0 WorkerThread "GC Thread#0" [stack: 0x0000001d7a600000,0x0000001d7a700000] [id=29180]
  0x0000017619ae64c0 ConcurrentGCThread "G1 Main Marker" [stack: 0x0000001d7a700000,0x0000001d7a800000] [id=5384]
  0x0000017619ae7c60 WorkerThread "G1 Conc#0" [stack: 0x0000001d7a800000,0x0000001d7a900000] [id=15912]
  0x00000176438d2ee0 ConcurrentGCThread "G1 Refine#0" [stack: 0x0000001d7a900000,0x0000001d7aa00000] [id=6564]
  0x00000176438d37f0 ConcurrentGCThread "G1 Service" [stack: 0x0000001d7aa00000,0x0000001d7ab00000] [id=31972]

Threads with active compile tasks:

VM state: not at safepoint (normal execution)

VM Mutex/Monitor currently owned by a thread: None

Heap address: 0x0000000600c00000, size: 8180 MB, Compressed Oops mode: Zero based, Oop shift amount: 3

CDS archive(s) mapped at: [0x0000000800000000-0x0000000800b90000-0x0000000800b90000), size 12124160, SharedBaseAddress: 0x0000000800000000, ArchiveRelocationMode: 0.
Compressed class space mapped at: 0x0000000800c00000-0x0000000840c00000, reserved size: 1073741824
Narrow klass base: 0x0000000800000000, Narrow klass shift: 0, Narrow klass range: 0x100000000

GC Precious Log:
 CardTable entry size: 512
 Card Set container configuration: InlinePtr #cards 4 size 8 Array Of Cards #cards 32 size 80 Howl #buckets 8 coarsen threshold 7372 Howl Bitmap #cards 1024 size 144 coarsen threshold 921 Card regions per heap region 1 cards per card region 8192
 CPUs: 12 total, 12 available
 Memory: 32719M
 Large Page Support: Disabled
 NUMA Support: Disabled
 Compressed Oops: Enabled (Zero based)
 Heap Region Size: 4M
 Heap Min Capacity: 8M
 Heap Initial Capacity: 512M
 Heap Max Capacity: 8180M
 Pre-touch: Disabled
 Parallel Workers: 10
 Concurrent Workers: 3
 Concurrent Refinement Workers: 10
 Periodic GC: Disabled

Heap:
 garbage-first heap   total 524288K, used 4096K [0x0000000600c00000, 0x0000000800000000)
  region size 4096K, 2 young (8192K), 0 survivors (0K)
 Metaspace       used 3026K, committed 3264K, reserved 1114112K
  class space    used 218K, committed 320K, reserved 1048576K

Heap Regions: E=young(eden), S=young(survivor), O=old, HS=humongous(starts), HC=humongous(continues), CS=collection set, F=free, OA=open archive, CA=closed archive, TAMS=top-at-mark-start (previous, next)
|   0|0x0000000600c00000, 0x0000000600c00000, 0x0000000601000000|  0%| F|  |TAMS 0x0000000600c00000, 0x0000000600c00000| Untracked 
|   1|0x0000000601000000, 0x0000000601000000, 0x0000000601400000|  0%| F|  |TAMS 0x0000000601000000, 0x0000000601000000| Untracked 
|   2|0x0000000601400000, 0x0000000601400000, 0x0000000601800000|  0%| F|  |TAMS 0x0000000601400000, 0x0000000601400000| Untracked 
|   3|0x0000000601800000, 0x0000000601800000, 0x0000000601c00000|  0%| F|  |TAMS 0x0000000601800000, 0x0000000601800000| Untracked 
|   4|0x0000000601c00000, 0x0000000601c00000, 0x0000000602000000|  0%| F|  |TAMS 0x0000000601c00000, 0x0000000601c00000| Untracked 
|   5|0x0000000602000000, 0x0000000602000000, 0x0000000602400000|  0%| F|  |TAMS 0x0000000602000000, 0x0000000602000000| Untracked 
|   6|0x0000000602400000, 0x0000000602400000, 0x0000000602800000|  0%| F|  |TAMS 0x0000000602400000, 0x0000000602400000| Untracked 
|   7|0x0000000602800000, 0x0000000602800000, 0x0000000602c00000|  0%| F|  |TAMS 0x0000000602800000, 0x0000000602800000| Untracked 
|   8|0x0000000602c00000, 0x0000000602c00000, 0x0000000603000000|  0%| F|  |TAMS 0x0000000602c00000, 0x0000000602c00000| Untracked 
|   9|0x0000000603000000, 0x0000000603000000, 0x0000000603400000|  0%| F|  |TAMS 0x0000000603000000, 0x0000000603000000| Untracked 
|  10|0x0000000603400000, 0x0000000603400000, 0x0000000603800000|  0%| F|  |TAMS 0x0000000603400000, 0x0000000603400000| Untracked 
|  11|0x0000000603800000, 0x0000000603800000, 0x0000000603c00000|  0%| F|  |TAMS 0x0000000603800000, 0x0000000603800000| Untracked 
|  12|0x0000000603c00000, 0x0000000603c00000, 0x0000000604000000|  0%| F|  |TAMS 0x0000000603c00000, 0x0000000603c00000| Untracked 
|  13|0x0000000604000000, 0x0000000604000000, 0x0000000604400000|  0%| F|  |TAMS 0x0000000604000000, 0x0000000604000000| Untracked 
|  14|0x0000000604400000, 0x0000000604400000, 0x0000000604800000|  0%| F|  |TAMS 0x0000000604400000, 0x0000000604400000| Untracked 
|  15|0x0000000604800000, 0x0000000604800000, 0x0000000604c00000|  0%| F|  |TAMS 0x0000000604800000, 0x0000000604800000| Untracked 
|  16|0x0000000604c00000, 0x0000000604c00000, 0x0000000605000000|  0%| F|  |TAMS 0x0000000604c00000, 0x0000000604c00000| Untracked 
|  17|0x0000000605000000, 0x0000000605000000, 0x0000000605400000|  0%| F|  |TAMS 0x0000000605000000, 0x0000000605000000| Untracked 
|  18|0x0000000605400000, 0x0000000605400000, 0x0000000605800000|  0%| F|  |TAMS 0x0000000605400000, 0x0000000605400000| Untracked 
|  19|0x0000000605800000, 0x0000000605800000, 0x0000000605c00000|  0%| F|  |TAMS 0x0000000605800000, 0x0000000605800000| Untracked 
|  20|0x0000000605c00000, 0x0000000605c00000, 0x0000000606000000|  0%| F|  |TAMS 0x0000000605c00000, 0x0000000605c00000| Untracked 
|  21|0x0000000606000000, 0x0000000606000000, 0x0000000606400000|  0%| F|  |TAMS 0x0000000606000000, 0x0000000606000000| Untracked 
|  22|0x0000000606400000, 0x0000000606400000, 0x0000000606800000|  0%| F|  |TAMS 0x0000000606400000, 0x0000000606400000| Untracked 
|  23|0x0000000606800000, 0x0000000606800000, 0x0000000606c00000|  0%| F|  |TAMS 0x0000000606800000, 0x0000000606800000| Untracked 
|  24|0x0000000606c00000, 0x0000000606c00000, 0x0000000607000000|  0%| F|  |TAMS 0x0000000606c00000, 0x0000000606c00000| Untracked 
|  25|0x0000000607000000, 0x0000000607000000, 0x0000000607400000|  0%| F|  |TAMS 0x0000000607000000, 0x0000000607000000| Untracked 
|  26|0x0000000607400000, 0x0000000607400000, 0x0000000607800000|  0%| F|  |TAMS 0x0000000607400000, 0x0000000607400000| Untracked 
|  27|0x0000000607800000, 0x0000000607800000, 0x0000000607c00000|  0%| F|  |TAMS 0x0000000607800000, 0x0000000607800000| Untracked 
|  28|0x0000000607c00000, 0x0000000607c00000, 0x0000000608000000|  0%| F|  |TAMS 0x0000000607c00000, 0x0000000607c00000| Untracked 
|  29|0x0000000608000000, 0x0000000608000000, 0x0000000608400000|  0%| F|  |TAMS 0x0000000608000000, 0x0000000608000000| Untracked 
|  30|0x0000000608400000, 0x0000000608400000, 0x0000000608800000|  0%| F|  |TAMS 0x0000000608400000, 0x0000000608400000| Untracked 
|  31|0x0000000608800000, 0x0000000608800000, 0x0000000608c00000|  0%| F|  |TAMS 0x0000000608800000, 0x0000000608800000| Untracked 
|  32|0x0000000608c00000, 0x0000000608c00000, 0x0000000609000000|  0%| F|  |TAMS 0x0000000608c00000, 0x0000000608c00000| Untracked 
|  33|0x0000000609000000, 0x0000000609000000, 0x0000000609400000|  0%| F|  |TAMS 0x0000000609000000, 0x0000000609000000| Untracked 
|  34|0x0000000609400000, 0x0000000609400000, 0x0000000609800000|  0%| F|  |TAMS 0x0000000609400000, 0x0000000609400000| Untracked 
|  35|0x0000000609800000, 0x0000000609800000, 0x0000000609c00000|  0%| F|  |TAMS 0x0000000609800000, 0x0000000609800000| Untracked 
|  36|0x0000000609c00000, 0x0000000609c00000, 0x000000060a000000|  0%| F|  |TAMS 0x0000000609c00000, 0x0000000609c00000| Untracked 
|  37|0x000000060a000000, 0x000000060a000000, 0x000000060a400000|  0%| F|  |TAMS 0x000000060a000000, 0x000000060a000000| Untracked 
|  38|0x000000060a400000, 0x000000060a400000, 0x000000060a800000|  0%| F|  |TAMS 0x000000060a400000, 0x000000060a400000| Untracked 
|  39|0x000000060a800000, 0x000000060a800000, 0x000000060ac00000|  0%| F|  |TAMS 0x000000060a800000, 0x000000060a800000| Untracked 
|  40|0x000000060ac00000, 0x000000060ac00000, 0x000000060b000000|  0%| F|  |TAMS 0x000000060ac00000, 0x000000060ac00000| Untracked 
|  41|0x000000060b000000, 0x000000060b000000, 0x000000060b400000|  0%| F|  |TAMS 0x000000060b000000, 0x000000060b000000| Untracked 
|  42|0x000000060b400000, 0x000000060b400000, 0x000000060b800000|  0%| F|  |TAMS 0x000000060b400000, 0x000000060b400000| Untracked 
|  43|0x000000060b800000, 0x000000060b800000, 0x000000060bc00000|  0%| F|  |TAMS 0x000000060b800000, 0x000000060b800000| Untracked 
|  44|0x000000060bc00000, 0x000000060bc00000, 0x000000060c000000|  0%| F|  |TAMS 0x000000060bc00000, 0x000000060bc00000| Untracked 
|  45|0x000000060c000000, 0x000000060c000000, 0x000000060c400000|  0%| F|  |TAMS 0x000000060c000000, 0x000000060c000000| Untracked 
|  46|0x000000060c400000, 0x000000060c400000, 0x000000060c800000|  0%| F|  |TAMS 0x000000060c400000, 0x000000060c400000| Untracked 
|  47|0x000000060c800000, 0x000000060c800000, 0x000000060cc00000|  0%| F|  |TAMS 0x000000060c800000, 0x000000060c800000| Untracked 
|  48|0x000000060cc00000, 0x000000060cc00000, 0x000000060d000000|  0%| F|  |TAMS 0x000000060cc00000, 0x000000060cc00000| Untracked 
|  49|0x000000060d000000, 0x000000060d000000, 0x000000060d400000|  0%| F|  |TAMS 0x000000060d000000, 0x000000060d000000| Untracked 
|  50|0x000000060d400000, 0x000000060d400000, 0x000000060d800000|  0%| F|  |TAMS 0x000000060d400000, 0x000000060d400000| Untracked 
|  51|0x000000060d800000, 0x000000060d800000, 0x000000060dc00000|  0%| F|  |TAMS 0x000000060d800000, 0x000000060d800000| Untracked 
|  52|0x000000060dc00000, 0x000000060dc00000, 0x000000060e000000|  0%| F|  |TAMS 0x000000060dc00000, 0x000000060dc00000| Untracked 
|  53|0x000000060e000000, 0x000000060e000000, 0x000000060e400000|  0%| F|  |TAMS 0x000000060e000000, 0x000000060e000000| Untracked 
|  54|0x000000060e400000, 0x000000060e400000, 0x000000060e800000|  0%| F|  |TAMS 0x000000060e400000, 0x000000060e400000| Untracked 
|  55|0x000000060e800000, 0x000000060e800000, 0x000000060ec00000|  0%| F|  |TAMS 0x000000060e800000, 0x000000060e800000| Untracked 
|  56|0x000000060ec00000, 0x000000060ec00000, 0x000000060f000000|  0%| F|  |TAMS 0x000000060ec00000, 0x000000060ec00000| Untracked 
|  57|0x000000060f000000, 0x000000060f000000, 0x000000060f400000|  0%| F|  |TAMS 0x000000060f000000, 0x000000060f000000| Untracked 
|  58|0x000000060f400000, 0x000000060f400000, 0x000000060f800000|  0%| F|  |TAMS 0x000000060f400000, 0x000000060f400000| Untracked 
|  59|0x000000060f800000, 0x000000060f800000, 0x000000060fc00000|  0%| F|  |TAMS 0x000000060f800000, 0x000000060f800000| Untracked 
|  60|0x000000060fc00000, 0x000000060fc00000, 0x0000000610000000|  0%| F|  |TAMS 0x000000060fc00000, 0x000000060fc00000| Untracked 
|  61|0x0000000610000000, 0x0000000610000000, 0x0000000610400000|  0%| F|  |TAMS 0x0000000610000000, 0x0000000610000000| Untracked 
|  62|0x0000000610400000, 0x0000000610400000, 0x0000000610800000|  0%| F|  |TAMS 0x0000000610400000, 0x0000000610400000| Untracked 
|  63|0x0000000610800000, 0x0000000610800000, 0x0000000610c00000|  0%| F|  |TAMS 0x0000000610800000, 0x0000000610800000| Untracked 
|  64|0x0000000610c00000, 0x0000000610c00000, 0x0000000611000000|  0%| F|  |TAMS 0x0000000610c00000, 0x0000000610c00000| Untracked 
|  65|0x0000000611000000, 0x0000000611000000, 0x0000000611400000|  0%| F|  |TAMS 0x0000000611000000, 0x0000000611000000| Untracked 
|  66|0x0000000611400000, 0x0000000611400000, 0x0000000611800000|  0%| F|  |TAMS 0x0000000611400000, 0x0000000611400000| Untracked 
|  67|0x0000000611800000, 0x0000000611800000, 0x0000000611c00000|  0%| F|  |TAMS 0x0000000611800000, 0x0000000611800000| Untracked 
|  68|0x0000000611c00000, 0x0000000611c00000, 0x0000000612000000|  0%| F|  |TAMS 0x0000000611c00000, 0x0000000611c00000| Untracked 
|  69|0x0000000612000000, 0x0000000612000000, 0x0000000612400000|  0%| F|  |TAMS 0x0000000612000000, 0x0000000612000000| Untracked 
|  70|0x0000000612400000, 0x0000000612400000, 0x0000000612800000|  0%| F|  |TAMS 0x0000000612400000, 0x0000000612400000| Untracked 
|  71|0x0000000612800000, 0x0000000612800000, 0x0000000612c00000|  0%| F|  |TAMS 0x0000000612800000, 0x0000000612800000| Untracked 
|  72|0x0000000612c00000, 0x0000000612c00000, 0x0000000613000000|  0%| F|  |TAMS 0x0000000612c00000, 0x0000000612c00000| Untracked 
|  73|0x0000000613000000, 0x0000000613000000, 0x0000000613400000|  0%| F|  |TAMS 0x0000000613000000, 0x0000000613000000| Untracked 
|  74|0x0000000613400000, 0x0000000613400000, 0x0000000613800000|  0%| F|  |TAMS 0x0000000613400000, 0x0000000613400000| Untracked 
|  75|0x0000000613800000, 0x0000000613800000, 0x0000000613c00000|  0%| F|  |TAMS 0x0000000613800000, 0x0000000613800000| Untracked 
|  76|0x0000000613c00000, 0x0000000613c00000, 0x0000000614000000|  0%| F|  |TAMS 0x0000000613c00000, 0x0000000613c00000| Untracked 
|  77|0x0000000614000000, 0x0000000614000000, 0x0000000614400000|  0%| F|  |TAMS 0x0000000614000000, 0x0000000614000000| Untracked 
|  78|0x0000000614400000, 0x0000000614400000, 0x0000000614800000|  0%| F|  |TAMS 0x0000000614400000, 0x0000000614400000| Untracked 
|  79|0x0000000614800000, 0x0000000614800000, 0x0000000614c00000|  0%| F|  |TAMS 0x0000000614800000, 0x0000000614800000| Untracked 
|  80|0x0000000614c00000, 0x0000000614c00000, 0x0000000615000000|  0%| F|  |TAMS 0x0000000614c00000, 0x0000000614c00000| Untracked 
|  81|0x0000000615000000, 0x0000000615000000, 0x0000000615400000|  0%| F|  |TAMS 0x0000000615000000, 0x0000000615000000| Untracked 
|  82|0x0000000615400000, 0x0000000615400000, 0x0000000615800000|  0%| F|  |TAMS 0x0000000615400000, 0x0000000615400000| Untracked 
|  83|0x0000000615800000, 0x0000000615800000, 0x0000000615c00000|  0%| F|  |TAMS 0x0000000615800000, 0x0000000615800000| Untracked 
|  84|0x0000000615c00000, 0x0000000615c00000, 0x0000000616000000|  0%| F|  |TAMS 0x0000000615c00000, 0x0000000615c00000| Untracked 
|  85|0x0000000616000000, 0x0000000616000000, 0x0000000616400000|  0%| F|  |TAMS 0x0000000616000000, 0x0000000616000000| Untracked 
|  86|0x0000000616400000, 0x0000000616400000, 0x0000000616800000|  0%| F|  |TAMS 0x0000000616400000, 0x0000000616400000| Untracked 
|  87|0x0000000616800000, 0x0000000616800000, 0x0000000616c00000|  0%| F|  |TAMS 0x0000000616800000, 0x0000000616800000| Untracked 
|  88|0x0000000616c00000, 0x0000000616c00000, 0x0000000617000000|  0%| F|  |TAMS 0x0000000616c00000, 0x0000000616c00000| Untracked 
|  89|0x0000000617000000, 0x0000000617000000, 0x0000000617400000|  0%| F|  |TAMS 0x0000000617000000, 0x0000000617000000| Untracked 
|  90|0x0000000617400000, 0x0000000617400000, 0x0000000617800000|  0%| F|  |TAMS 0x0000000617400000, 0x0000000617400000| Untracked 
|  91|0x0000000617800000, 0x0000000617800000, 0x0000000617c00000|  0%| F|  |TAMS 0x0000000617800000, 0x0000000617800000| Untracked 
|  92|0x0000000617c00000, 0x0000000617c00000, 0x0000000618000000|  0%| F|  |TAMS 0x0000000617c00000, 0x0000000617c00000| Untracked 
|  93|0x0000000618000000, 0x0000000618000000, 0x0000000618400000|  0%| F|  |TAMS 0x0000000618000000, 0x0000000618000000| Untracked 
|  94|0x0000000618400000, 0x0000000618400000, 0x0000000618800000|  0%| F|  |TAMS 0x0000000618400000, 0x0000000618400000| Untracked 
|  95|0x0000000618800000, 0x0000000618800000, 0x0000000618c00000|  0%| F|  |TAMS 0x0000000618800000, 0x0000000618800000| Untracked 
|  96|0x0000000618c00000, 0x0000000618c00000, 0x0000000619000000|  0%| F|  |TAMS 0x0000000618c00000, 0x0000000618c00000| Untracked 
|  97|0x0000000619000000, 0x0000000619000000, 0x0000000619400000|  0%| F|  |TAMS 0x0000000619000000, 0x0000000619000000| Untracked 
|  98|0x0000000619400000, 0x0000000619400000, 0x0000000619800000|  0%| F|  |TAMS 0x0000000619400000, 0x0000000619400000| Untracked 
|  99|0x0000000619800000, 0x0000000619800000, 0x0000000619c00000|  0%| F|  |TAMS 0x0000000619800000, 0x0000000619800000| Untracked 
| 100|0x0000000619c00000, 0x0000000619c00000, 0x000000061a000000|  0%| F|  |TAMS 0x0000000619c00000, 0x0000000619c00000| Untracked 
| 101|0x000000061a000000, 0x000000061a000000, 0x000000061a400000|  0%| F|  |TAMS 0x000000061a000000, 0x000000061a000000| Untracked 
| 102|0x000000061a400000, 0x000000061a400000, 0x000000061a800000|  0%| F|  |TAMS 0x000000061a400000, 0x000000061a400000| Untracked 
| 103|0x000000061a800000, 0x000000061a800000, 0x000000061ac00000|  0%| F|  |TAMS 0x000000061a800000, 0x000000061a800000| Untracked 
| 104|0x000000061ac00000, 0x000000061ac00000, 0x000000061b000000|  0%| F|  |TAMS 0x000000061ac00000, 0x000000061ac00000| Untracked 
| 105|0x000000061b000000, 0x000000061b000000, 0x000000061b400000|  0%| F|  |TAMS 0x000000061b000000, 0x000000061b000000| Untracked 
| 106|0x000000061b400000, 0x000000061b400000, 0x000000061b800000|  0%| F|  |TAMS 0x000000061b400000, 0x000000061b400000| Untracked 
| 107|0x000000061b800000, 0x000000061b800000, 0x000000061bc00000|  0%| F|  |TAMS 0x000000061b800000, 0x000000061b800000| Untracked 
| 108|0x000000061bc00000, 0x000000061bc00000, 0x000000061c000000|  0%| F|  |TAMS 0x000000061bc00000, 0x000000061bc00000| Untracked 
| 109|0x000000061c000000, 0x000000061c000000, 0x000000061c400000|  0%| F|  |TAMS 0x000000061c000000, 0x000000061c000000| Untracked 
| 110|0x000000061c400000, 0x000000061c400000, 0x000000061c800000|  0%| F|  |TAMS 0x000000061c400000, 0x000000061c400000| Untracked 
| 111|0x000000061c800000, 0x000000061c800000, 0x000000061cc00000|  0%| F|  |TAMS 0x000000061c800000, 0x000000061c800000| Untracked 
| 112|0x000000061cc00000, 0x000000061cc00000, 0x000000061d000000|  0%| F|  |TAMS 0x000000061cc00000, 0x000000061cc00000| Untracked 
| 113|0x000000061d000000, 0x000000061d000000, 0x000000061d400000|  0%| F|  |TAMS 0x000000061d000000, 0x000000061d000000| Untracked 
| 114|0x000000061d400000, 0x000000061d400000, 0x000000061d800000|  0%| F|  |TAMS 0x000000061d400000, 0x000000061d400000| Untracked 
| 115|0x000000061d800000, 0x000000061d800000, 0x000000061dc00000|  0%| F|  |TAMS 0x000000061d800000, 0x000000061d800000| Untracked 
| 116|0x000000061dc00000, 0x000000061dc00000, 0x000000061e000000|  0%| F|  |TAMS 0x000000061dc00000, 0x000000061dc00000| Untracked 
| 117|0x000000061e000000, 0x000000061e000000, 0x000000061e400000|  0%| F|  |TAMS 0x000000061e000000, 0x000000061e000000| Untracked 
| 118|0x000000061e400000, 0x000000061e400000, 0x000000061e800000|  0%| F|  |TAMS 0x000000061e400000, 0x000000061e400000| Untracked 
| 119|0x000000061e800000, 0x000000061e800000, 0x000000061ec00000|  0%| F|  |TAMS 0x000000061e800000, 0x000000061e800000| Untracked 
| 120|0x000000061ec00000, 0x000000061ec00000, 0x000000061f000000|  0%| F|  |TAMS 0x000000061ec00000, 0x000000061ec00000| Untracked 
| 121|0x000000061f000000, 0x000000061f000000, 0x000000061f400000|  0%| F|  |TAMS 0x000000061f000000, 0x000000061f000000| Untracked 
| 122|0x000000061f400000, 0x000000061f400000, 0x000000061f800000|  0%| F|  |TAMS 0x000000061f400000, 0x000000061f400000| Untracked 
| 123|0x000000061f800000, 0x000000061f800000, 0x000000061fc00000|  0%| F|  |TAMS 0x000000061f800000, 0x000000061f800000| Untracked 
| 124|0x000000061fc00000, 0x000000061fc00000, 0x0000000620000000|  0%| F|  |TAMS 0x000000061fc00000, 0x000000061fc00000| Untracked 
| 125|0x0000000620000000, 0x0000000620000000, 0x0000000620400000|  0%| F|  |TAMS 0x0000000620000000, 0x0000000620000000| Untracked 
| 126|0x0000000620400000, 0x000000062071f330, 0x0000000620800000| 78%| E|  |TAMS 0x0000000620400000, 0x0000000620400000| Complete 
| 127|0x0000000620800000, 0x0000000620c00000, 0x0000000620c00000|100%| E|CS|TAMS 0x0000000620800000, 0x0000000620800000| Complete 

Card table byte_map: [0x00000176318c0000,0x00000176328c0000] _byte_map_base: 0x000001762e8ba000

Marking Bits (Prev, Next): (CMBitMap*) 0x0000017619ad5c00, (CMBitMap*) 0x0000017619ad5c40
 Prev Bits: [0x00000176338c0000, 0x000001763b890000)
 Next Bits: [0x000001763b890000, 0x0000017643860000)

Polling page: 0x00000176179c0000

Metaspace:

Usage:
  Non-class:      2.74 MB used.
      Class:    218.09 KB used.
       Both:      2.96 MB used.

Virtual space:
  Non-class space:       64.00 MB reserved,       2.88 MB (  4%) committed,  1 nodes.
      Class space:        1.00 GB reserved,     320.00 KB ( <1%) committed,  1 nodes.
             Both:        1.06 GB reserved,       3.19 MB ( <1%) committed. 

Chunk freelists:
   Non-Class:  2.91 MB
       Class:  3.66 MB
        Both:  6.57 MB

MaxMetaspaceSize: unlimited
CompressedClassSpaceSize: 1.00 GB
Initial GC threshold: 21.00 MB
Current GC threshold: 21.00 MB
CDS: on
MetaspaceReclaimPolicy: balanced
 - commit_granule_bytes: 65536.
 - commit_granule_words: 8192.
 - virtual_space_node_default_size: 8388608.
 - enlarge_chunks_in_place: 1.
 - new_chunks_are_fully_committed: 0.
 - uncommit_free_chunks: 1.
 - use_allocation_guard: 0.


Internal statistics:

num_allocs_failed_limit: 0.
num_arena_births: 78.
num_arena_deaths: 0.
num_vsnodes_births: 2.
num_vsnodes_deaths: 0.
num_space_committed: 51.
num_space_uncommitted: 0.
num_chunks_returned_to_freelist: 0.
num_chunks_taken_from_freelist: 135.
num_chunk_merges: 0.
num_chunk_splits: 88.
num_chunks_enlarged: 59.
num_inconsistent_stats: 0.

CodeHeap 'non-profiled nmethods': size=120000Kb used=180Kb max_used=180Kb free=119819Kb
 bounds [0x0000017628e40000, 0x00000176290b0000, 0x0000017630370000]
CodeHeap 'profiled nmethods': size=120000Kb used=877Kb max_used=877Kb free=119122Kb
 bounds [0x0000017621910000, 0x0000017621b80000, 0x0000017628e40000]
CodeHeap 'non-nmethods': size=5760Kb used=1193Kb max_used=1210Kb free=4566Kb
 bounds [0x0000017621370000, 0x00000176215e0000, 0x0000017621910000]
 total_blobs=1063 nmethods=579 adapters=397
 compilation: enabled
              stopped_count=0, restarted_count=0
 full_count=0

Compilation events (20 events):
Event: 0.212 Thread 0x0000017643a4bc80 nmethod 569 0x00000176219e7190 code [0x00000176219e7320, 0x00000176219e7458]
Event: 0.213 Thread 0x0000017643a43380 nmethod 507 0x0000017628e6b690 code [0x0000017628e6b820, 0x0000017628e6c518]
Event: 0.213 Thread 0x0000017643a4bc80  571       3       java.lang.Integer::toUnsignedLong (7 bytes)
Event: 0.213 Thread 0x0000017643a4bc80 nmethod 571 0x00000176219e7510 code [0x00000176219e76a0, 0x00000176219e7798]
Event: 0.213 Thread 0x0000017643a4bc80  572       3       sun.misc.Unsafe::putLong (11 bytes)
Event: 0.213 Thread 0x0000017643a4bc80 nmethod 572 0x00000176219e7810 code [0x00000176219e79a0, 0x00000176219e7ab8]
Event: 0.213 Thread 0x0000017643a4bc80  573       3       org.lwjgl.system.MemoryUtil::memPutAddress (29 bytes)
Event: 0.213 Thread 0x000001764ad415f0  574       4       java.lang.Integer::toUnsignedLong (7 bytes)
Event: 0.213 Thread 0x0000017643a4bc80 nmethod 573 0x00000176219e7b90 code [0x00000176219e7d40, 0x00000176219e7f38]
Event: 0.213 Thread 0x0000017643a4bc80  575       3       java.lang.StringConcatHelper::initialCoder (14 bytes)
Event: 0.213 Thread 0x000001764ad415f0 nmethod 574 0x0000017628e6cd90 code [0x0000017628e6cf00, 0x0000017628e6cf58]
Event: 0.213 Thread 0x0000017643a4bc80 nmethod 575 0x00000176219e8010 code [0x00000176219e81a0, 0x00000176219e82b8]
Event: 0.213 Thread 0x0000017643a4bc80  577       3       java.lang.String::concat (15 bytes)
Event: 0.214 Thread 0x0000017643a4bc80 nmethod 577 0x00000176219e8310 code [0x00000176219e8640, 0x00000176219e9918]
Event: 0.214 Thread 0x0000017643a4bc80  576       1       jdk.internal.loader.URLClassPath$Loader::getBaseURL (5 bytes)
Event: 0.214 Thread 0x0000017643a4bc80 nmethod 576 0x0000017628e6d090 code [0x0000017628e6d220, 0x0000017628e6d2f8]
Event: 0.214 Thread 0x0000017643a4bc80  578       3       java.util.zip.ZipUtils::CENLEN (9 bytes)
Event: 0.214 Thread 0x0000017643a4bc80 nmethod 578 0x00000176219e9f90 code [0x00000176219ea140, 0x00000176219ea418]
Event: 0.215 Thread 0x0000017643a4bc80  579       3       sun.net.www.ParseUtil::firstEncodeIndex (86 bytes)
Event: 0.215 Thread 0x0000017643a4bc80 nmethod 579 0x00000176219ea590 code [0x00000176219ea7c0, 0x00000176219eb1c8]

GC Heap History (0 events):
No events

Deoptimization events (20 events):
Event: 0.187 Thread 0x0000017619a62300 DEOPT PACKING pc=0x00000176219ae23a sp=0x0000001d7a5fcad0
Event: 0.187 Thread 0x0000017619a62300 DEOPT UNPACKING pc=0x00000176213c2b43 sp=0x0000001d7a5fbf48 mode 0
Event: 0.187 Thread 0x0000017619a62300 DEOPT PACKING pc=0x00000176219ae23a sp=0x0000001d7a5fcad0
Event: 0.187 Thread 0x0000017619a62300 DEOPT UNPACKING pc=0x00000176213c2b43 sp=0x0000001d7a5fbf48 mode 0
Event: 0.188 Thread 0x0000017619a62300 DEOPT PACKING pc=0x00000176219ae23a sp=0x0000001d7a5fcad0
Event: 0.188 Thread 0x0000017619a62300 DEOPT UNPACKING pc=0x00000176213c2b43 sp=0x0000001d7a5fbf48 mode 0
Event: 0.188 Thread 0x0000017619a62300 DEOPT PACKING pc=0x00000176219ae0f2 sp=0x0000001d7a5fcad0
Event: 0.188 Thread 0x0000017619a62300 DEOPT UNPACKING pc=0x00000176213c2b43 sp=0x0000001d7a5fbf48 mode 0
Event: 0.188 Thread 0x0000017619a62300 DEOPT PACKING pc=0x00000176219ae0f2 sp=0x0000001d7a5fcad0
Event: 0.188 Thread 0x0000017619a62300 DEOPT UNPACKING pc=0x00000176213c2b43 sp=0x0000001d7a5fbf48 mode 0
Event: 0.188 Thread 0x0000017619a62300 DEOPT PACKING pc=0x00000176219ae0f2 sp=0x0000001d7a5fcad0
Event: 0.188 Thread 0x0000017619a62300 DEOPT UNPACKING pc=0x00000176213c2b43 sp=0x0000001d7a5fbf48 mode 0
Event: 0.188 Thread 0x0000017619a62300 DEOPT PACKING pc=0x00000176219ae0f2 sp=0x0000001d7a5fcad0
Event: 0.188 Thread 0x0000017619a62300 DEOPT UNPACKING pc=0x00000176213c2b43 sp=0x0000001d7a5fbf48 mode 0
Event: 0.189 Thread 0x0000017619a62300 DEOPT PACKING pc=0x00000176219ae23a sp=0x0000001d7a5fcad0
Event: 0.189 Thread 0x0000017619a62300 DEOPT UNPACKING pc=0x00000176213c2b43 sp=0x0000001d7a5fbf48 mode 0
Event: 0.189 Thread 0x0000017619a62300 DEOPT PACKING pc=0x00000176219ae0f2 sp=0x0000001d7a5fcad0
Event: 0.189 Thread 0x0000017619a62300 DEOPT UNPACKING pc=0x00000176213c2b43 sp=0x0000001d7a5fbf48 mode 0
Event: 0.189 Thread 0x0000017619a62300 DEOPT PACKING pc=0x00000176219ae0f2 sp=0x0000001d7a5fcad0
Event: 0.189 Thread 0x0000017619a62300 DEOPT UNPACKING pc=0x00000176213c2b43 sp=0x0000001d7a5fbf48 mode 0

Classes loaded (20 events):
Event: 0.195 Loading class java/nio/DirectFloatBufferU
Event: 0.196 Loading class java/nio/DirectFloatBufferU done
Event: 0.196 Loading class java/nio/DirectDoubleBufferU
Event: 0.196 Loading class java/nio/DirectDoubleBufferU done
Event: 0.196 Loading class sun/misc/Unsafe
Event: 0.196 Loading class sun/misc/Unsafe done
Event: 0.197 Loading class java/lang/invoke/DirectMethodHandle$StaticAccessor
Event: 0.197 Loading class java/lang/invoke/DirectMethodHandle$StaticAccessor done
Event: 0.198 Loading class java/util/function/LongPredicate
Event: 0.198 Loading class java/util/function/LongPredicate done
Event: 0.200 Loading class jdk/internal/access/foreign/MemorySegmentProxy
Event: 0.200 Loading class jdk/internal/access/foreign/MemorySegmentProxy done
Event: 0.203 Loading class java/nio/InvalidMarkException
Event: 0.203 Loading class java/nio/InvalidMarkException done
Event: 0.203 Loading class java/nio/BufferUnderflowException
Event: 0.203 Loading class java/nio/BufferUnderflowException done
Event: 0.205 Loading class java/lang/IndexOutOfBoundsException
Event: 0.205 Loading class java/lang/IndexOutOfBoundsException done
Event: 0.211 Loading class java/util/Formatter$FixedString
Event: 0.211 Loading class java/util/Formatter$FixedString done

Classes unloaded (0 events):
No events

Classes redefined (0 events):
No events

Internal exceptions (20 events):
Event: 0.109 Thread 0x0000017619a62300 Exception <a 'java/lang/NoSuchMethodError'{0x00000006204532b8}: 'void java.lang.invoke.DirectMethodHandle$Holder.invokeSpecial(java.lang.Object, java.lang.Object, java.lang.Object)'> (0x00000006204532b8) 
thrown [t:\workspace\open\src\hotspot\share\interpreter\linkResolver.cpp, line 766]
Event: 0.111 Thread 0x0000017619a62300 Exception <a 'java/lang/NoSuchMethodError'{0x0000000620461868}: 'java.lang.Object java.lang.invoke.DirectMethodHandle$Holder.invokeStatic(java.lang.Object, java.lang.Object, int)'> (0x0000000620461868) 
thrown [t:\workspace\open\src\hotspot\share\interpreter\linkResolver.cpp, line 766]
Event: 0.112 Thread 0x0000017619a62300 Exception <a 'java/lang/NoSuchMethodError'{0x000000062046d6f8}: 'void java.lang.invoke.DelegatingMethodHandle$Holder.delegate(java.lang.Object, java.lang.Object, int, java.lang.Object)'> (0x000000062046d6f8) 
thrown [t:\workspace\open\src\hotspot\share\interpreter\linkResolver.cpp, line 766]
Event: 0.112 Thread 0x0000017619a62300 Exception <a 'java/lang/NoSuchMethodError'{0x00000006204717a0}: 'int java.lang.invoke.DirectMethodHandle$Holder.invokeSpecial(java.lang.Object, java.lang.Object, java.lang.Object)'> (0x00000006204717a0) 
thrown [t:\workspace\open\src\hotspot\share\interpreter\linkResolver.cpp, line 766]
Event: 0.116 Thread 0x0000017619a62300 Exception <a 'java/lang/NoSuchMethodError'{0x000000062048cba8}: 'void java.lang.System.loadLibrary(java.lang.String, java.lang.Class)'> (0x000000062048cba8) 
thrown [t:\workspace\open\src\hotspot\share\interpreter\linkResolver.cpp, line 766]
Event: 0.124 Thread 0x0000017619a62300 Exception <a 'java/lang/NoSuchMethodError'{0x00000006204ea560}: 'void java.lang.System.load(java.lang.String, java.lang.Class)'> (0x00000006204ea560) 
thrown [t:\workspace\open\src\hotspot\share\interpreter\linkResolver.cpp, line 766]
Event: 0.124 Thread 0x0000017619a62300 Exception <a 'java/lang/NoSuchMethodError'{0x00000006204ed4e8}: 'void java.lang.System.loadLibrary(java.lang.String, java.lang.Class)'> (0x00000006204ed4e8) 
thrown [t:\workspace\open\src\hotspot\share\interpreter\linkResolver.cpp, line 766]
Event: 0.143 Thread 0x0000017619a62300 Exception <a 'sun/nio/fs/WindowsException'{0x0000000620527638}> (0x0000000620527638) 
thrown [t:\workspace\open\src\hotspot\share\prims\jni.cpp, line 516]
Event: 0.144 Thread 0x0000017619a62300 Exception <a 'sun/nio/fs/WindowsException'{0x0000000620527b88}> (0x0000000620527b88) 
thrown [t:\workspace\open\src\hotspot\share\prims\jni.cpp, line 516]
Event: 0.181 Thread 0x0000017619a62300 Exception <a 'sun/nio/fs/WindowsException'{0x00000006205a43c0}> (0x00000006205a43c0) 
thrown [t:\workspace\open\src\hotspot\share\prims\jni.cpp, line 516]
Event: 0.181 Thread 0x0000017619a62300 Exception <a 'sun/nio/fs/WindowsException'{0x00000006205a4760}> (0x00000006205a4760) 
thrown [t:\workspace\open\src\hotspot\share\prims\jni.cpp, line 516]
Event: 0.190 Thread 0x0000017619a62300 Exception <a 'sun/nio/fs/WindowsException'{0x00000006205adc80}> (0x00000006205adc80) 
thrown [t:\workspace\open\src\hotspot\share\prims\jni.cpp, line 516]
Event: 0.190 Thread 0x0000017619a62300 Exception <a 'sun/nio/fs/WindowsException'{0x00000006205adf50}> (0x00000006205adf50) 
thrown [t:\workspace\open\src\hotspot\share\prims\jni.cpp, line 516]
Event: 0.194 Thread 0x0000017619a62300 Exception <a 'java/lang/NoSuchMethodError'{0x00000006205e0080}: 'java.lang.Object java.lang.invoke.DirectMethodHandle$Holder.invokeStaticInit(java.lang.Object)'> (0x00000006205e0080) 
thrown [t:\workspace\open\src\hotspot\share\interpreter\linkResolver.cpp, line 766]
Event: 0.199 Thread 0x0000017619a62300 Exception <a 'java/lang/NoSuchMethodError'{0x0000000620601500}: 'int java.lang.invoke.DirectMethodHandle$Holder.invokeStaticInit(java.lang.Object, java.lang.Object, int, long)'> (0x0000000620601500) 
thrown [t:\workspace\open\src\hotspot\share\interpreter\linkResolver.cpp, line 766]
Event: 0.199 Thread 0x0000017619a62300 Exception <a 'java/lang/NoSuchMethodError'{0x0000000620607070}: 'java.lang.Object java.lang.invoke.DirectMethodHandle$Holder.newInvokeSpecial(java.lang.Object, java.lang.Object, int)'> (0x0000000620607070) 
thrown [t:\workspace\open\src\hotspot\share\interpreter\linkResolver.cpp, line 766]
Event: 0.201 Thread 0x0000017619a62300 Exception <a 'java/lang/NoSuchMethodError'{0x00000006206163b8}: 'int java.lang.invoke.DirectMethodHandle$Holder.invokeStaticInit(java.lang.Object, java.lang.Object, long, long)'> (0x00000006206163b8) 
thrown [t:\workspace\open\src\hotspot\share\interpreter\linkResolver.cpp, line 766]
Event: 0.201 Thread 0x0000017619a62300 Exception <a 'java/lang/NoSuchMethodError'{0x000000062061c770}: 'java.lang.Object java.lang.invoke.DirectMethodHandle$Holder.newInvokeSpecial(java.lang.Object, java.lang.Object, long)'> (0x000000062061c770) 
thrown [t:\workspace\open\src\hotspot\share\interpreter\linkResolver.cpp, line 766]
Event: 0.202 Thread 0x0000017619a62300 Exception <a 'java/lang/NoSuchMethodError'{0x0000000620620ce0}: 'java.lang.Object java.lang.invoke.Invokers$Holder.linkToTargetMethod(java.lang.Object, long, java.lang.Object)'> (0x0000000620620ce0) 
thrown [t:\workspace\open\src\hotspot\share\interpreter\linkResolver.cpp, line 766]
Event: 0.202 Thread 0x0000017619a62300 Exception <a 'java/lang/NoSuchMethodError'{0x0000000620628288}: 'int java.lang.invoke.DirectMethodHandle$Holder.invokeStaticInit(java.lang.Object, java.lang.Object, java.lang.Object, long)'> (0x0000000620628288) 
thrown [t:\workspace\open\src\hotspot\share\interpreter\linkResolver.cpp, line 766]

VM Operations (6 events):
Event: 0.052 Executing VM operation: HandshakeAllThreads
Event: 0.052 Executing VM operation: HandshakeAllThreads done
Event: 0.090 Executing VM operation: HandshakeAllThreads
Event: 0.090 Executing VM operation: HandshakeAllThreads done
Event: 0.135 Executing VM operation: HandshakeAllThreads
Event: 0.135 Executing VM operation: HandshakeAllThreads done

Events (20 events):
Event: 0.021 Thread 0x0000017643a3c380 Thread added: 0x0000017643a3c380
Event: 0.021 Thread 0x0000017643a3cc30 Thread added: 0x0000017643a3cc30
Event: 0.021 Thread 0x0000017643a3d9e0 Thread added: 0x0000017643a3d9e0
Event: 0.021 Thread 0x0000017643a3f2a0 Thread added: 0x0000017643a3f2a0
Event: 0.021 Thread 0x0000017643a43380 Thread added: 0x0000017643a43380
Event: 0.021 Thread 0x0000017643a4bc80 Thread added: 0x0000017643a4bc80
Event: 0.021 Thread 0x0000017643a4e580 Thread added: 0x0000017643a4e580
Event: 0.047 Thread 0x0000017643a09700 Thread added: 0x0000017643a09700
Event: 0.060 Loaded shared library C:\Users\sebas\.jdks\openjdk-18\bin\zip.dll
Event: 0.062 Loaded shared library C:\Users\sebas\.jdks\openjdk-18\bin\instrument.dll
Event: 0.066 Loaded shared library C:\Users\sebas\.jdks\openjdk-18\bin\net.dll
Event: 0.067 Loaded shared library C:\Users\sebas\.jdks\openjdk-18\bin\nio.dll
Event: 0.070 Loaded shared library C:\Users\sebas\.jdks\openjdk-18\bin\zip.dll
Event: 0.088 Loaded shared library C:\Program Files\JetBrains\IntelliJ IDEA Community Edition 2022.3.2\bin\breakgen64.dll
Event: 0.089 Thread 0x000001764ab2a320 Thread added: 0x000001764ab2a320
Event: 0.089 Thread 0x000001764ab2a7e0 Thread added: 0x000001764ab2a7e0
Event: 0.126 Loaded shared library C:\Users\sebas\.jdks\openjdk-18\bin\jimage.dll
Event: 0.140 Loaded shared library C:\Users\sebas\AppData\Local\Temp\lwjgl_sebas\3.3.4+7\x64\lwjgl.dll
Event: 0.182 Loaded shared library C:\Users\sebas\AppData\Local\Temp\lwjgl_sebas\3.3.4+7\x64\lwjgl_opengl.dll
Event: 0.188 Thread 0x000001764ad415f0 Thread added: 0x000001764ad415f0


Dynamic libraries:
0x00007ff7e25f0000 - 0x00007ff7e25fe000 	C:\Users\sebas\.jdks\openjdk-18\bin\java.exe
0x00007fff14490000 - 0x00007fff146a7000 	C:\WINDOWS\SYSTEM32\ntdll.dll
0x00007fff12b80000 - 0x00007fff12c44000 	C:\WINDOWS\System32\KERNEL32.DLL
0x00007fff11b60000 - 0x00007fff11f19000 	C:\WINDOWS\System32\KERNELBASE.dll
0x00007fff12090000 - 0x00007fff121a1000 	C:\WINDOWS\System32\ucrtbase.dll
0x00007ffee7a70000 - 0x00007ffee7a8a000 	C:\Users\sebas\.jdks\openjdk-18\bin\VCRUNTIME140.dll
0x00007ffee7a90000 - 0x00007ffee7aa7000 	C:\Users\sebas\.jdks\openjdk-18\bin\jli.dll
0x00007fff12270000 - 0x00007fff1241e000 	C:\WINDOWS\System32\USER32.dll
0x00007fff11a90000 - 0x00007fff11ab6000 	C:\WINDOWS\System32\win32u.dll
0x00007ffeff680000 - 0x00007ffeff912000 	C:\WINDOWS\WinSxS\amd64_microsoft.windows.common-controls_6595b64144ccf1df_6.0.22621.4391_none_2715d37f73803e96\COMCTL32.dll
0x00007fff121c0000 - 0x00007fff121e9000 	C:\WINDOWS\System32\GDI32.dll
0x00007fff12860000 - 0x00007fff12907000 	C:\WINDOWS\System32\msvcrt.dll
0x00007fff118d0000 - 0x00007fff119eb000 	C:\WINDOWS\System32\gdi32full.dll
0x00007fff11ac0000 - 0x00007fff11b5a000 	C:\WINDOWS\System32\msvcp_win.dll
0x00007fff12cb0000 - 0x00007fff12ce1000 	C:\WINDOWS\System32\IMM32.DLL
0x00007ffee7a60000 - 0x00007ffee7a6c000 	C:\Users\sebas\.jdks\openjdk-18\bin\vcruntime140_1.dll
0x00007ffee79d0000 - 0x00007ffee7a5d000 	C:\Users\sebas\.jdks\openjdk-18\bin\msvcp140.dll
0x00007ffe5d8b0000 - 0x00007ffe5e4c1000 	C:\Users\sebas\.jdks\openjdk-18\bin\server\jvm.dll
0x00007fff13f00000 - 0x00007fff13fb2000 	C:\WINDOWS\System32\ADVAPI32.dll
0x00007fff12990000 - 0x00007fff12a37000 	C:\WINDOWS\System32\sechost.dll
0x00007fff11a60000 - 0x00007fff11a88000 	C:\WINDOWS\System32\bcrypt.dll
0x00007fff125d0000 - 0x00007fff126e4000 	C:\WINDOWS\System32\RPCRT4.dll
0x00007fff12b50000 - 0x00007fff12b58000 	C:\WINDOWS\System32\PSAPI.DLL
0x00007ffefc3f0000 - 0x00007ffefc3f9000 	C:\WINDOWS\SYSTEM32\WSOCK32.dll
0x00007fff095c0000 - 0x00007fff095ca000 	C:\WINDOWS\SYSTEM32\VERSION.dll
0x00007fff0a5d0000 - 0x00007fff0a604000 	C:\WINDOWS\SYSTEM32\WINMM.dll
0x00007fff126f0000 - 0x00007fff12761000 	C:\WINDOWS\System32\WS2_32.dll
0x00007fff107d0000 - 0x00007fff107e8000 	C:\WINDOWS\SYSTEM32\kernel.appcore.dll
0x00007ffec8f70000 - 0x00007ffec8f7a000 	C:\Users\sebas\.jdks\openjdk-18\bin\jimage.dll
0x00007fff0ed10000 - 0x00007fff0ef42000 	C:\WINDOWS\SYSTEM32\DBGHELP.DLL
0x00007fff14010000 - 0x00007fff1439f000 	C:\WINDOWS\System32\combase.dll
0x00007fff12770000 - 0x00007fff12847000 	C:\WINDOWS\System32\OLEAUT32.dll
0x00007fff090a0000 - 0x00007fff090d2000 	C:\WINDOWS\SYSTEM32\dbgcore.DLL
0x00007fff11850000 - 0x00007fff118cb000 	C:\WINDOWS\System32\bcryptPrimitives.dll
0x00007fff08410000 - 0x00007fff0841e000 	C:\Users\sebas\.jdks\openjdk-18\bin\instrument.dll
0x00007ffeaf870000 - 0x00007ffeaf895000 	C:\Users\sebas\.jdks\openjdk-18\bin\java.dll
0x00007ffe5d7d0000 - 0x00007ffe5d8a6000 	C:\Users\sebas\.jdks\openjdk-18\bin\jsvml.dll
0x00007fff13580000 - 0x00007fff13df6000 	C:\WINDOWS\System32\SHELL32.dll
0x00007fff0f6d0000 - 0x00007fff0ffd3000 	C:\WINDOWS\SYSTEM32\windows.storage.dll
0x00007fff0f590000 - 0x00007fff0f6cf000 	C:\WINDOWS\SYSTEM32\wintypes.dll
0x00007fff13e00000 - 0x00007fff13ef9000 	C:\WINDOWS\System32\SHCORE.dll
0x00007fff13520000 - 0x00007fff1357e000 	C:\WINDOWS\System32\shlwapi.dll
0x00007fff116c0000 - 0x00007fff116eb000 	C:\WINDOWS\SYSTEM32\profapi.dll
0x00007ffeaf690000 - 0x00007ffeaf6a8000 	C:\Users\sebas\.jdks\openjdk-18\bin\zip.dll
0x00007ffeaf6d0000 - 0x00007ffeaf6e3000 	C:\Users\sebas\.jdks\openjdk-18\bin\net.dll
0x00007fff0cbc0000 - 0x00007fff0ccf6000 	C:\WINDOWS\SYSTEM32\WINHTTP.dll
0x00007fff10c50000 - 0x00007fff10cb9000 	C:\WINDOWS\system32\mswsock.dll
0x00007ffeaf6b0000 - 0x00007ffeaf6c6000 	C:\Users\sebas\.jdks\openjdk-18\bin\nio.dll
0x00007ffef5b30000 - 0x00007ffef5b4a000 	C:\Program Files\JetBrains\IntelliJ IDEA Community Edition 2022.3.2\bin\breakgen64.dll
0x00007ffec7890000 - 0x00007ffec790b000 	C:\Users\sebas\AppData\Local\Temp\lwjgl_sebas\3.3.4+7\x64\lwjgl.dll
0x00007ffec4e40000 - 0x00007ffec4ea1000 	C:\Users\sebas\AppData\Local\Temp\lwjgl_sebas\3.3.4+7\x64\lwjgl_opengl.dll
0x00007ffec80d0000 - 0x00007ffec81d0000 	C:\WINDOWS\SYSTEM32\opengl32.dll
0x00007ffec9120000 - 0x00007ffec914d000 	C:\WINDOWS\SYSTEM32\GLU32.dll
0x00007fff0e900000 - 0x00007fff0e937000 	C:\WINDOWS\SYSTEM32\dxcore.dll

dbghelp: loaded successfully - version: 4.0.5 - missing functions: none
symbol engine: initialized successfully - sym options: 0x614 - pdb path: .;C:\Users\sebas\.jdks\openjdk-18\bin;C:\WINDOWS\SYSTEM32;C:\WINDOWS\WinSxS\amd64_microsoft.windows.common-controls_6595b64144ccf1df_6.0.22621.4391_none_2715d37f73803e96;C:\Users\sebas\.jdks\openjdk-18\bin\server;C:\Program Files\JetBrains\IntelliJ IDEA Community Edition 2022.3.2\bin;C:\Users\sebas\AppData\Local\Temp\lwjgl_sebas\3.3.4+7\x64

VM Arguments:
jvm_args: -javaagent:C:\Program Files\JetBrains\IntelliJ IDEA Community Edition 2022.3.2\lib\idea_rt.jar=58594:C:\Program Files\JetBrains\IntelliJ IDEA Community Edition 2022.3.2\bin -Dfile.encoding=UTF-8 -Dsun.stdout.encoding=UTF-8 -Dsun.stderr.encoding=UTF-8 
java_command: Main
java_class_path (initial): E:\Thunder3D\build\classes\java\main;C:\Users\sebas\.gradle\caches\modules-2\files-2.1\org.lwjgl\lwjgl-assimp\3.3.4\4651577de25afb21511c4b39e1ee3002ab1cad5d\lwjgl-assimp-3.3.4.jar;C:\Users\sebas\.gradle\caches\modules-2\files-2.1\org.lwjgl\lwjgl-glfw\3.3.4\7e46ecdec85db8738053cfde1414352cd62dab74\lwjgl-glfw-3.3.4.jar;C:\Users\sebas\.gradle\caches\modules-2\files-2.1\org.lwjgl\lwjgl-nfd\3.3.4\176827b812b331189e36d4879926f50f4fc37b50\lwjgl-nfd-3.3.4.jar;C:\Users\sebas\.gradle\caches\modules-2\files-2.1\org.lwjgl\lwjgl-openal\3.3.4\9b74d3ea380c83353d42af43ad9659e04dabe84a\lwjgl-openal-3.3.4.jar;C:\Users\sebas\.gradle\caches\modules-2\files-2.1\org.lwjgl\lwjgl-opengl\3.3.4\2852ac7d9f6fc71349f1ce28e2708ff1977f18af\lwjgl-opengl-3.3.4.jar;C:\Users\sebas\.gradle\caches\modules-2\files-2.1\org.lwjgl\lwjgl-stb\3.3.4\5821735d5ef23f6da8542887344e57eb181b7cac\lwjgl-stb-3.3.4.jar;C:\Users\sebas\.gradle\caches\modules-2\files-2.1\org.lwjgl\lwjgl\3.3.4\b86c3e4832426e8a6b466013b7cb34b40e9ce956\lwjgl-3.3.4.jar;C:\Users\sebas\.gradle\caches\modules-2\files-2.1\org.joml\joml\1.10.7\f8c3f2e7db281bde099342dd36133de4bbba390c\joml-1.10.7.jar;C:\Users\sebas\.gradle\caches\modules-2\files-2.1\org.jetbrains.kotlin\kotlin-stdlib-jdk8\1.8.20\73576ddf378c5b4f1f6b449fe6b119b8183fc078\kotlin-stdlib-jdk8-1.8.20.jar;C:\Users\sebas\.gradle\caches\modules-2\files-2.1\org.jetbrains.kotlin\kotlin-stdlib-jdk7\1.8.20\3aa51faf20aae8b31e1a4bc54f8370673d7b7df4\kotlin-stdlib-jdk7-1.8.20.jar;C:\Users\sebas\.gradle\caches\modules-2\files-2.1\org.jetbrains.kotlin\kotlin-stdlib\1.8.20\e72fc5e03ec6c064c678a6bd0d955c88d55b0c4a\kotlin-stdlib-1.8.20.jar;C:\Users\sebas\.gradle\caches\modules-2\files-2.1\org.jetbrains.kotlin\kotlin-stdlib-common\1.8.20\5eddaaf234c8c49d03eebeb6a14feb7f90faca71\kotlin-stdlib-common-1.8.20.jar;C:\Users\sebas\.gradle\caches\modules-2\files-2.1\org.jetbrains\annotations\13.0\919f0dfe192fb4e063e7dacadee7f8bb9a2672a9\annotations-13.0.jar;C:\Users\sebas\.gradle\caches\modules-2\files-2.1\org.lwjgl\lwjgl-assimp\3.3.4\65a7534e8a97b340c5e9716e15339b2b8964d656\lwjgl-assimp-3.3.4-natives-windows.jar;C:\Users\sebas\.gradle\caches\modules-2\files-2.1\org.lwjgl\lwjgl-glfw\3.3.4\370ef92d15819a123c643dd2b0fc3a2d40bb263c\lwjgl-glfw-3.3.4-natives-windows.jar;C:\Users\sebas\.gradle\caches\modules-2\files-2.1\org.lwjgl\lwjgl-nfd\3.3.4\f67e276de66b5666322c6cbc7772786de99634bf\lwjgl-nfd-3.3.4-natives-windows.jar;C:\Users\sebas\.gradle\caches\modules-2\files-2.1\org.lwjgl\lwjgl-openal\3.3.4\c4de8af803aacda71044418095a71cd63b569a15\lwjgl-openal-3.3.4-natives-windows.jar;C:\Users\sebas\.gradle\caches\modules-2\files-2.1\org.lwjgl\lwjgl-opengl\3.3.4\f7ca4e75573a9ce83075bd86bc8a3e49ff106696\lwjgl-opengl-3.3.4-natives-windows.jar;C:\Users\sebas\.gradle\caches\modules-2\files-2.1\org.lwjgl\lwjgl-stb\3.3.4\8310e565463ec8d369528e8b26a9b1518d079a01\lwjgl-stb-3.3.4-natives-windows.jar;C:\Users\sebas\.gradle\caches\modules-2\files-2.1\org.lwjgl\lwjgl\3.3.4\dd0927c1348cdcd9573fa24b7278ec1ac2bb0a76\lwjgl-3.3.4-natives-windows.jar
Launcher Type: SUN_STANDARD

[Global flags]
     intx CICompilerCount                          = 4                                         {product} {ergonomic}
     uint ConcGCThreads                            = 3                                         {product} {ergonomic}
     uint G1ConcRefinementThreads                  = 10                                        {product} {ergonomic}
   size_t G1HeapRegionSize                         = 4194304                                   {product} {ergonomic}
    uintx GCDrainStackTargetSize                   = 64                                        {product} {ergonomic}
   size_t InitialHeapSize                          = 536870912                                 {product} {ergonomic}
   size_t MarkStackSize                            = 4194304                                   {product} {ergonomic}
   size_t MaxHeapSize                              = 8577351680                                {product} {ergonomic}
   size_t MaxNewSize                               = 5146411008                                {product} {ergonomic}
   size_t MinHeapDeltaBytes                        = 4194304                                   {product} {ergonomic}
   size_t MinHeapSize                              = 8388608                                   {product} {ergonomic}
    uintx NonNMethodCodeHeapSize                   = 5839372                                {pd product} {ergonomic}
    uintx NonProfiledCodeHeapSize                  = 122909434                              {pd product} {ergonomic}
    uintx ProfiledCodeHeapSize                     = 122909434                              {pd product} {ergonomic}
    uintx ReservedCodeCacheSize                    = 251658240                              {pd product} {ergonomic}
     bool SegmentedCodeCache                       = true                                      {product} {ergonomic}
   size_t SoftMaxHeapSize                          = 8577351680                             {manageable} {ergonomic}
     bool UseCompressedClassPointers               = true                           {product lp64_product} {ergonomic}
     bool UseCompressedOops                        = true                           {product lp64_product} {ergonomic}
     bool UseG1GC                                  = true                                      {product} {ergonomic}
     bool UseLargePagesIndividualAllocation        = false                                  {pd product} {ergonomic}

Logging:
Log output configuration:
 #0: stdout all=warning uptime,level,tags foldmultilines=false
 #1: stderr all=off uptime,level,tags foldmultilines=false

Environment Variables:
JAVA_HOME=C:\Program Files\Java\jdk-21
PATH=C:\Program Files\Common Files\Oracle\Java\javapath;C:\Program Files (x86)\Common Files\Oracle\Java\java8path;C:\Program Files (x86)\Common Files\Oracle\Java\javapath;E:\Vulkan\Bin;E:\Oculus\Support\oculus-runtime;C:\Program Files (x86)\Razer\ChromaBroadcast\bin;C:\Program Files\Razer\ChromaBroadcast\bin;C:\Program Files (x86)\Razer Chroma SDK\bin;C:\Program Files\Razer Chroma SDK\bin;C:\Program Files (x86)\Intel\Intel(R) Management Engine Components\iCLS\;C:\Program Files\Intel\Intel(R) Management Engine Components\iCLS\;C:\Windows\system32;C:\Windows;C:\Windows\System32\Wbem;C:\Windows\System32\WindowsPowerShell\v1.0\;C:\Windows\System32\OpenSSH\;C:\Program Files (x86)\Intel\Intel(R) Management Engine Components\DAL;C:\Program Files\Intel\Intel(R) Management Engine Components\DAL;C:\Program Files (x86)\Intel\Intel(R) Management Engine Components\IPT;C:\Program Files\Intel\Intel(R) Management Engine Components\IPT;C:\Windows\system32\config\systemprofile\AppData\Local\Microsoft\WindowsApps;C:\WINDOWS\system32;C:\WINDOWS;C:\WINDOWS\System32\Wbem;C:\WINDOWS\System32\WindowsPowerShell\v1.0\;C:\WINDOWS\System32\OpenSSH\;C:\ffmpeg\bin;C:\ngrok;C:\Users\sebas\AppData\Local\Microsoft\WindowsApps;D:\PyCharm Community Edition 2019.1.1\bin;C:\Program Files (x86)\FAHClient;C:\Users\sebas\AppData\Roaming\npm;C:\Users\sebas\AppData\Local\Programs\Microsoft VS Code\bin;C:\bin;C:\Program Files\dotnet\;C:\Program Files (x86)\Steam;C:\Program Files\PuTTY\;D:\webdrivers;C:\Users\sebas\.cargo\bin;C:\Exercism;C:\Program Files (x86)\NVIDIA Corporation\PhysX\Common;C:\Program Files\SourceGear\Common\DiffMerge\;C:\Users\sebas\AppData\Local\Programs\Python\Python39;C:\Users\sebas\AppData\Local\Programs\Python\Python39\Scripts;C:\msys64\ucrt64\bin;C:\msys64;C:\Program Files\CMake\bin;C:\ninja;C:\WINDOWS\system32;C:\WINDOWS;C:\WINDOWS\System32\Wbem;C:\WINDOWS\System32\WindowsPowerShell\v1.0\;C:\WINDOWS\System32\OpenSSH\;;C:\Program Files\NVIDIA Corporation\Nsight Compute 2024.3.0\;C:\Program Files\nodejs\;C:\Program Files\NVIDIA Corporation\NVIDIA app\NvDLISR;C:\Users\sebas\.cargo\bin;C:\Users\sebas\AppData\Local\Microsoft\WindowsApps;C:\Program Files\heroku\bin;C:\ffmpeg\bin;D:\PyCharm Community Edition 2019.1.1\bin;C:\Exercism;D:\Jetbrains\WebStorm\WebStorm 2020.1\bin;C:\Program Files (x86)\FAHClient;C:\Users\sebas\.dotnet\tools;C:\depot_tools;C:\Users\sebas\AppData\Local\spicetify;C:\Users\sebas\.dotnet\tools;C:\Users\sebas\AppData\Local\Programs\Microsoft VS Code\bin;C:\Users\sebas\AppData\Local\Microsoft\WindowsApps;C:\iverilog\bin;C:\iverilog\gtkwave\bin;C:\Users\sebas\AppData\Local\GitHubDesktop\bin;C:\Users\sebas\AppData\Roaming\npm
USERNAME=sebas
OS=Windows_NT
PROCESSOR_IDENTIFIER=AMD64 Family 23 Model 113 Stepping 0, AuthenticAMD



---------------  S Y S T E M  ---------------

OS:
 Windows 11 , 64 bit Build 22621 (10.0.22621.4391)
OS uptime: 20 days 4:27 hours

CPU: total 12 (initial active 12) (12 cores per cpu, 2 threads per core) family 23 model 113 stepping 0 microcode 0x0, cx8, cmov, fxsr, ht, mmx, 3dnowpref, sse, sse2, sse3, ssse3, sse4a, sse4.1, sse4.2, popcnt, lzcnt, tsc, tscinvbit, avx, avx2, aes, clmul, bmi1, bmi2, adx, sha, fma, vzeroupper, clflush, clflushopt

Memory: 4k page, system-wide physical 32719M (16316M free)
TotalPageFile size 37583M (AvailPageFile size 15077M)
current process WorkingSet (physical memory assigned to process): 51M, peak: 51M
current process commit charge ("private bytes"): 623M, peak: 623M

vm_info: OpenJDK 64-Bit Server VM (18+36-2087) for windows-amd64 JRE (18+36-2087), built on Feb 15 2022 09:37:35 by "mach5one" with MS VC++ 16.8 / 16.9 (VS2019)

END.
